C:\CYGWIN\HOME\STUDENT\SO-LABS\LAB1\WIN\VS TUTORIAL\DEBUG\HELLO WORLD.EXE
C:\CYGWIN\HOME\STUDENT\SO-LABS\LAB1\WIN\VS TUTORIAL\DEBUG\HELLO WORLD.ILK
C:\CYGWIN\HOME\STUDENT\SO-LABS\LAB1\WIN\VS TUTORIAL\DEBUG\HELLO WORLD.PDB
C:\cygwin\home\Student\so-labs\lab1\win\VS Tutorial\Hello World\Debug\cl.command.1.tlog
C:\cygwin\home\Student\so-labs\lab1\win\VS Tutorial\Hello World\Debug\CL.read.1.tlog
C:\cygwin\home\Student\so-labs\lab1\win\VS Tutorial\Hello World\Debug\CL.write.1.tlog
C:\CYGWIN\HOME\STUDENT\SO-LABS\LAB1\WIN\VS TUTORIAL\HELLO WORLD\DEBUG\HELLO WORLD.EXE.EMBED.MANIFEST
C:\CYGWIN\HOME\STUDENT\SO-LABS\LAB1\WIN\VS TUTORIAL\HELLO WORLD\DEBUG\HELLO WORLD.EXE.EMBED.MANIFEST.RES
C:\CYGWIN\HOME\STUDENT\SO-LABS\LAB1\WIN\VS TUTORIAL\HELLO WORLD\DEBUG\HELLO WORLD.EXE.INTERMEDIATE.MANIFEST
C:\cygwin\home\Student\so-labs\lab1\win\VS Tutorial\Hello World\Debug\Hello World_manifest.rc
C:\CYGWIN\HOME\STUDENT\SO-LABS\LAB1\WIN\VS TUTORIAL\HELLO WORLD\DEBUG\HELLO.OBJ
C:\cygwin\home\Student\so-labs\lab1\win\VS Tutorial\Hello World\Debug\link.3368.read.1.tlog
C:\cygwin\home\Student\so-labs\lab1\win\VS Tutorial\Hello World\Debug\link.3368.write.1.tlog
C:\cygwin\home\Student\so-labs\lab1\win\VS Tutorial\Hello World\Debug\link.3368-cvtres.read.1.tlog
C:\cygwin\home\Student\so-labs\lab1\win\VS Tutorial\Hello World\Debug\link.3368-cvtres.write.1.tlog
C:\cygwin\home\Student\so-labs\lab1\win\VS Tutorial\Hello World\Debug\link.command.1.tlog
C:\cygwin\home\Student\so-labs\lab1\win\VS Tutorial\Hello World\Debug\link.read.1.tlog
C:\cygwin\home\Student\so-labs\lab1\win\VS Tutorial\Hello World\Debug\link.write.1.tlog
C:\cygwin\home\Student\so-labs\lab1\win\VS Tutorial\Hello World\Debug\link-cvtres.read.1.tlog
C:\cygwin\home\Student\so-labs\lab1\win\VS Tutorial\Hello World\Debug\link-cvtres.write.1.tlog
C:\cygwin\home\Student\so-labs\lab1\win\VS Tutorial\Hello World\Debug\mt.command.1.tlog
C:\cygwin\home\Student\so-labs\lab1\win\VS Tutorial\Hello World\Debug\mt.read.1.tlog
C:\cygwin\home\Student\so-labs\lab1\win\VS Tutorial\Hello World\Debug\mt.write.1.tlog
C:\cygwin\home\Student\so-labs\lab1\win\VS Tutorial\Hello World\Debug\rc.command.1.tlog
C:\cygwin\home\Student\so-labs\lab1\win\VS Tutorial\Hello World\Debug\rc.read.1.tlog
C:\cygwin\home\Student\so-labs\lab1\win\VS Tutorial\Hello World\Debug\rc.write.1.tlog
C:\cygwin\home\Student\so-labs\lab1\win\VS Tutorial\Hello World\Debug\vc100.idb
C:\CYGWIN\HOME\STUDENT\SO-LABS\LAB1\WIN\VS TUTORIAL\HELLO WORLD\DEBUG\VC100.PDB
