C:\CYGWIN\HOME\STUDENT\SO-LABS\LAB1\WIN\NEWWIN32PROJECT\DEBUG\NEWWIN32PROJECT.EXE
C:\CYGWIN\HOME\STUDENT\SO-LABS\LAB1\WIN\NEWWIN32PROJECT\DEBUG\NEWWIN32PROJECT.ILK
C:\CYGWIN\HOME\STUDENT\SO-LABS\LAB1\WIN\NEWWIN32PROJECT\DEBUG\NEWWIN32PROJECT.PDB
C:\cygwin\home\Student\so-labs\lab1\win\NewWin32Project\NewWin32Project\Debug\cl.command.1.tlog
C:\cygwin\home\Student\so-labs\lab1\win\NewWin32Project\NewWin32Project\Debug\CL.read.1.tlog
C:\cygwin\home\Student\so-labs\lab1\win\NewWin32Project\NewWin32Project\Debug\CL.write.1.tlog
C:\CYGWIN\HOME\STUDENT\SO-LABS\LAB1\WIN\NEWWIN32PROJECT\NEWWIN32PROJECT\DEBUG\DEBUG.OBJ
C:\cygwin\home\Student\so-labs\lab1\win\NewWin32Project\NewWin32Project\Debug\link.2876.read.1.tlog
C:\cygwin\home\Student\so-labs\lab1\win\NewWin32Project\NewWin32Project\Debug\link.2876.write.1.tlog
C:\cygwin\home\Student\so-labs\lab1\win\NewWin32Project\NewWin32Project\Debug\link.2876-cvtres.read.1.tlog
C:\cygwin\home\Student\so-labs\lab1\win\NewWin32Project\NewWin32Project\Debug\link.2876-cvtres.write.1.tlog
C:\cygwin\home\Student\so-labs\lab1\win\NewWin32Project\NewWin32Project\Debug\link.command.1.tlog
C:\cygwin\home\Student\so-labs\lab1\win\NewWin32Project\NewWin32Project\Debug\link.read.1.tlog
C:\cygwin\home\Student\so-labs\lab1\win\NewWin32Project\NewWin32Project\Debug\link.write.1.tlog
C:\cygwin\home\Student\so-labs\lab1\win\NewWin32Project\NewWin32Project\Debug\link-cvtres.read.1.tlog
C:\cygwin\home\Student\so-labs\lab1\win\NewWin32Project\NewWin32Project\Debug\link-cvtres.write.1.tlog
C:\cygwin\home\Student\so-labs\lab1\win\NewWin32Project\NewWin32Project\Debug\mt.command.1.tlog
C:\cygwin\home\Student\so-labs\lab1\win\NewWin32Project\NewWin32Project\Debug\mt.read.1.tlog
C:\cygwin\home\Student\so-labs\lab1\win\NewWin32Project\NewWin32Project\Debug\mt.write.1.tlog
C:\CYGWIN\HOME\STUDENT\SO-LABS\LAB1\WIN\NEWWIN32PROJECT\NEWWIN32PROJECT\DEBUG\NEWWIN32PROJECT.EXE.EMBED.MANIFEST
C:\CYGWIN\HOME\STUDENT\SO-LABS\LAB1\WIN\NEWWIN32PROJECT\NEWWIN32PROJECT\DEBUG\NEWWIN32PROJECT.EXE.EMBED.MANIFEST.RES
C:\CYGWIN\HOME\STUDENT\SO-LABS\LAB1\WIN\NEWWIN32PROJECT\NEWWIN32PROJECT\DEBUG\NEWWIN32PROJECT.EXE.INTERMEDIATE.MANIFEST
C:\cygwin\home\Student\so-labs\lab1\win\NewWin32Project\NewWin32Project\Debug\NewWin32Project_manifest.rc
C:\cygwin\home\Student\so-labs\lab1\win\NewWin32Project\NewWin32Project\Debug\rc.command.1.tlog
C:\cygwin\home\Student\so-labs\lab1\win\NewWin32Project\NewWin32Project\Debug\rc.read.1.tlog
C:\cygwin\home\Student\so-labs\lab1\win\NewWin32Project\NewWin32Project\Debug\rc.write.1.tlog
C:\cygwin\home\Student\so-labs\lab1\win\NewWin32Project\NewWin32Project\Debug\vc100.idb
C:\CYGWIN\HOME\STUDENT\SO-LABS\LAB1\WIN\NEWWIN32PROJECT\NEWWIN32PROJECT\DEBUG\VC100.PDB
